<?xml version="1.0" encoding="UTF-8"?>
<testsuite xmlns:xsi="http://www.w3.org/2001/XMLSchema-instance" xsi:noNamespaceSchemaLocation="https://maven.apache.org/surefire/maven-surefire-plugin/xsd/surefire-test-report-3.0.xsd" version="3.0" name="us.abstracta.jmeter.javadsl.sample.PerformanceTest" time="121.808" tests="2" errors="0" skipped="0" failures="0">
  <properties>
    <property name="java.specification.version" value="20"/>
    <property name="sun.jnu.encoding" value="UTF-8"/>
    <property name="java.class.path" value="/Users/alexpiczenik/Desktop/jmeter-java-ASP/target/test-classes:/Users/alexpiczenik/Desktop/jmeter-java-ASP/target/classes:/Users/alexpiczenik/.m2/repository/us/abstracta/jmeter/jmeter-java-dsl/1.9/jmeter-java-dsl-1.9.jar:/Users/alexpiczenik/.m2/repository/org/apache/jmeter/ApacheJMeter_http/5.5/ApacheJMeter_http-5.5.jar:/Users/alexpiczenik/.m2/repository/org/apache/jmeter/ApacheJMeter_core/5.5/ApacheJMeter_core-5.5.jar:/Users/alexpiczenik/.m2/repository/org/apache/jmeter/ApacheJMeter/5.5/ApacheJMeter-5.5.jar:/Users/alexpiczenik/.m2/repository/org/apache/jmeter/jorphan/5.5/jorphan-5.5.jar:/Users/alexpiczenik/.m2/repository/bsf/bsf/2.4.0/bsf-2.4.0.jar:/Users/alexpiczenik/.m2/repository/com/fifesoft/rsyntaxtextarea/3.2.0/rsyntaxtextarea-3.2.0.jar:/Users/alexpiczenik/.m2/repository/org/apache/logging/log4j/log4j-1.2-api/2.17.2/log4j-1.2-api-2.17.2.jar:/Users/alexpiczenik/.m2/repository/org/apache/logging/log4j/log4j-api/2.17.2/log4j-api-2.17.2.jar:/Users/alexpiczenik/.m2/repository/org/apache/logging/log4j/log4j-core/2.17.2/log4j-core-2.17.2.jar:/Users/alexpiczenik/.m2/repository/org/apache/logging/log4j/log4j-slf4j-impl/2.17.2/log4j-slf4j-impl-2.17.2.jar:/Users/alexpiczenik/.m2/repository/xalan/xalan/2.7.2/xalan-2.7.2.jar:/Users/alexpiczenik/.m2/repository/xalan/serializer/2.7.2/serializer-2.7.2.jar:/Users/alexpiczenik/.m2/repository/net/sf/saxon/Saxon-HE/11.3/Saxon-HE-11.3.jar:/Users/alexpiczenik/.m2/repository/org/xmlresolver/xmlresolver/4.2.0/xmlresolver-4.2.0.jar:/Users/alexpiczenik/.m2/repository/org/xmlresolver/xmlresolver/4.2.0/xmlresolver-4.2.0-data.jar:/Users/alexpiczenik/.m2/repository/org/jetbrains/kotlin/kotlin-stdlib-jdk8/1.6.21/kotlin-stdlib-jdk8-1.6.21.jar:/Users/alexpiczenik/.m2/repository/org/jetbrains/kotlin/kotlin-stdlib/1.6.21/kotlin-stdlib-1.6.21.jar:/Users/alexpiczenik/.m2/repository/org/jetbrains/kotlin/kotlin-stdlib-jdk7/1.6.21/kotlin-stdlib-jdk7-1.6.21.jar:/Users/alexpiczenik/.m2/repository/org/jetbrains/kotlinx/kotlinx-coroutines-core/1.6.1/kotlinx-coroutines-core-1.6.1.jar:/Users/alexpiczenik/.m2/repository/org/jetbrains/kotlinx/kotlinx-coroutines-core-jvm/1.6.1/kotlinx-coroutines-core-jvm-1.6.1.jar:/Users/alexpiczenik/.m2/repository/org/jetbrains/kotlinx/kotlinx-coroutines-swing/1.6.1/kotlinx-coroutines-swing-1.6.1.jar:/Users/alexpiczenik/.m2/repository/com/fasterxml/jackson/core/jackson-annotations/2.13.3/jackson-annotations-2.13.3.jar:/Users/alexpiczenik/.m2/repository/com/formdev/svgSalamander/1.1.2.4/svgSalamander-1.1.2.4.jar:/Users/alexpiczenik/.m2/repository/com/github/weisj/darklaf-core/2.7.3/darklaf-core-2.7.3.jar:/Users/alexpiczenik/.m2/repository/com/github/weisj/darklaf-utils/2.7.3/darklaf-utils-2.7.3.jar:/Users/alexpiczenik/.m2/repository/com/github/weisj/darklaf-native-utils/2.7.3/darklaf-native-utils-2.7.3.jar:/Users/alexpiczenik/.m2/repository/com/github/weisj/darklaf-platform-base/2.7.3/darklaf-platform-base-2.7.3.jar:/Users/alexpiczenik/.m2/repository/com/github/weisj/darklaf-windows/2.7.3/darklaf-windows-2.7.3.jar:/Users/alexpiczenik/.m2/repository/com/github/weisj/darklaf-macos/2.7.3/darklaf-macos-2.7.3.jar:/Users/alexpiczenik/.m2/repository/com/github/weisj/swing-extensions-laf-support/0.1.3/swing-extensions-laf-support-0.1.3.jar:/Users/alexpiczenik/.m2/repository/com/github/weisj/darklaf-theme/2.7.3/darklaf-theme-2.7.3.jar:/Users/alexpiczenik/.m2/repository/com/github/weisj/darklaf-property-loader/2.7.3/darklaf-property-loader-2.7.3.jar:/Users/alexpiczenik/.m2/repository/com/github/weisj/swing-extensions-visual-padding/0.1.3/swing-extensions-visual-padding-0.1.3.jar:/Users/alexpiczenik/.m2/repository/org/jetbrains/annotations/16.0.2/annotations-16.0.2.jar:/Users/alexpiczenik/.m2/repository/com/github/weisj/darklaf-extensions-rsyntaxarea/0.3.4/darklaf-extensions-rsyntaxarea-0.3.4.jar:/Users/alexpiczenik/.m2/repository/commons-collections/commons-collections/3.2.2/commons-collections-3.2.2.jar:/Users/alexpiczenik/.m2/repository/org/jetbrains/lets-plot/lets-plot-batik/2.2.1/lets-plot-batik-2.2.1.jar:/Users/alexpiczenik/.m2/repository/org/apache/xmlgraphics/batik-codec/1.14/batik-codec-1.14.jar:/Users/alexpiczenik/.m2/repository/org/apache/xmlgraphics/batik-awt-util/1.14/batik-awt-util-1.14.jar:/Users/alexpiczenik/.m2/repository/org/apache/xmlgraphics/batik-bridge/1.14/batik-bridge-1.14.jar:/Users/alexpiczenik/.m2/repository/org/apache/xmlgraphics/batik-anim/1.14/batik-anim-1.14.jar:/Users/alexpiczenik/.m2/repository/org/apache/xmlgraphics/batik-ext/1.14/batik-ext-1.14.jar:/Users/alexpiczenik/.m2/repository/org/apache/xmlgraphics/batik-css/1.14/batik-css-1.14.jar:/Users/alexpiczenik/.m2/repository/org/apache/xmlgraphics/batik-dom/1.14/batik-dom-1.14.jar:/Users/alexpiczenik/.m2/repository/org/apache/xmlgraphics/batik-gvt/1.14/batik-gvt-1.14.jar:/Users/alexpiczenik/.m2/repository/org/apache/xmlgraphics/batik-parser/1.14/batik-parser-1.14.jar:/Users/alexpiczenik/.m2/repository/org/apache/xmlgraphics/batik-script/1.14/batik-script-1.14.jar:/Users/alexpiczenik/.m2/repository/org/apache/xmlgraphics/batik-svg-dom/1.14/batik-svg-dom-1.14.jar:/Users/alexpiczenik/.m2/repository/org/apache/xmlgraphics/batik-xml/1.14/batik-xml-1.14.jar:/Users/alexpiczenik/.m2/repository/xml-apis/xml-apis-ext/1.3.04/xml-apis-ext-1.3.04.jar:/Users/alexpiczenik/.m2/repository/org/apache/xmlgraphics/batik-shared-resources/1.14/batik-shared-resources-1.14.jar:/Users/alexpiczenik/.m2/repository/org/apache/xmlgraphics/batik-transcoder/1.14/batik-transcoder-1.14.jar:/Users/alexpiczenik/.m2/repository/org/apache/xmlgraphics/batik-svggen/1.14/batik-svggen-1.14.jar:/Users/alexpiczenik/.m2/repository/org/apache/xmlgraphics/batik-util/1.14/batik-util-1.14.jar:/Users/alexpiczenik/.m2/repository/org/apache/xmlgraphics/batik-constants/1.14/batik-constants-1.14.jar:/Users/alexpiczenik/.m2/repository/org/apache/xmlgraphics/batik-i18n/1.14/batik-i18n-1.14.jar:/Users/alexpiczenik/.m2/repository/org/jetbrains/lets-plot/lets-plot-common/2.2.1/lets-plot-common-2.2.1.jar:/Users/alexpiczenik/.m2/repository/io/github/microutils/kotlin-logging/2.0.5/kotlin-logging-2.0.5.jar:/Users/alexpiczenik/.m2/repository/org/jetbrains/kotlinx/kotlinx-html-jvm/0.7.3/kotlinx-html-jvm-0.7.3.jar:/Users/alexpiczenik/.m2/repository/org/jetbrains/lets-plot/lets-plot-kotlin-jvm/3.1.1/lets-plot-kotlin-jvm-3.1.1.jar:/Users/alexpiczenik/.m2/repository/org/jetbrains/lets-plot/base-portable-jvm/2.2.1/base-portable-jvm-2.2.1.jar:/Users/alexpiczenik/.m2/repository/org/jetbrains/lets-plot/plot-base-portable-jvm/2.2.1/plot-base-portable-jvm-2.2.1.jar:/Users/alexpiczenik/.m2/repository/org/jetbrains/lets-plot/vis-svg-portable-jvm/2.2.1/vis-svg-portable-jvm-2.2.1.jar:/Users/alexpiczenik/.m2/repository/org/jetbrains/lets-plot/plot-common-portable-jvm/2.2.1/plot-common-portable-jvm-2.2.1.jar:/Users/alexpiczenik/.m2/repository/org/jetbrains/lets-plot/plot-builder-portable-jvm/2.2.1/plot-builder-portable-jvm-2.2.1.jar:/Users/alexpiczenik/.m2/repository/org/jetbrains/lets-plot/plot-config-portable-jvm/2.2.1/plot-config-portable-jvm-2.2.1.jar:/Users/alexpiczenik/.m2/repository/org/jetbrains/kotlin/kotlin-stdlib-common/1.5.31/kotlin-stdlib-common-1.5.31.jar:/Users/alexpiczenik/.m2/repository/io/github/microutils/kotlin-logging-jvm/2.0.5/kotlin-logging-jvm-2.0.5.jar:/Users/alexpiczenik/.m2/repository/org/apache/xmlgraphics/xmlgraphics-commons/2.7/xmlgraphics-commons-2.7.jar:/Users/alexpiczenik/.m2/repository/org/freemarker/freemarker/2.3.31/freemarker-2.3.31.jar:/Users/alexpiczenik/.m2/repository/org/jodd/jodd-core/5.0.13/jodd-core-5.0.13.jar:/Users/alexpiczenik/.m2/repository/org/jodd/jodd-props/5.0.13/jodd-props-5.0.13.jar:/Users/alexpiczenik/.m2/repository/org/slf4j/jcl-over-slf4j/1.7.36/jcl-over-slf4j-1.7.36.jar:/Users/alexpiczenik/.m2/repository/org/codehaus/groovy/groovy/3.0.11/groovy-3.0.11.jar:/Users/alexpiczenik/.m2/repository/org/codehaus/groovy/groovy-dateutil/3.0.11/groovy-dateutil-3.0.11.jar:/Users/alexpiczenik/.m2/repository/org/codehaus/groovy/groovy-datetime/3.0.11/groovy-datetime-3.0.11.jar:/Users/alexpiczenik/.m2/repository/org/codehaus/groovy/groovy-jmx/3.0.11/groovy-jmx-3.0.11.jar:/Users/alexpiczenik/.m2/repository/org/codehaus/groovy/groovy-json/3.0.11/groovy-json-3.0.11.jar:/Users/alexpiczenik/.m2/repository/org/codehaus/groovy/groovy-jsr223/3.0.11/groovy-jsr223-3.0.11.jar:/Users/alexpiczenik/.m2/repository/org/codehaus/groovy/groovy-sql/3.0.11/groovy-sql-3.0.11.jar:/Users/alexpiczenik/.m2/repository/org/codehaus/groovy/groovy-templates/3.0.11/groovy-templates-3.0.11.jar:/Users/alexpiczenik/.m2/repository/org/codehaus/groovy/groovy-xml/3.0.11/groovy-xml-3.0.11.jar:/Users/alexpiczenik/.m2/repository/xerces/xercesImpl/2.12.2/xercesImpl-2.12.2.jar:/Users/alexpiczenik/.m2/repository/xml-apis/xml-apis/1.4.01/xml-apis-1.4.01.jar:/Users/alexpiczenik/.m2/repository/com/thoughtworks/xstream/xstream/1.4.19/xstream-1.4.19.jar:/Users/alexpiczenik/.m2/repository/io/github/x-stream/mxparser/1.2.2/mxparser-1.2.2.jar:/Users/alexpiczenik/.m2/repository/xmlpull/xmlpull/1.1.3.1/xmlpull-1.1.3.1.jar:/Users/alexpiczenik/.m2/repository/com/github/ben-manes/caffeine/caffeine/2.9.3/caffeine-2.9.3.jar:/Users/alexpiczenik/.m2/repository/org/checkerframework/checker-qual/3.19.0/checker-qual-3.19.0.jar:/Users/alexpiczenik/.m2/repository/com/google/errorprone/error_prone_annotations/2.10.0/error_prone_annotations-2.10.0.jar:/Users/alexpiczenik/.m2/repository/org/apache/commons/commons-lang3/3.12.0/commons-lang3-3.12.0.jar:/Users/alexpiczenik/.m2/repository/org/apache/commons/commons-text/1.9/commons-text-1.9.jar:/Users/alexpiczenik/.m2/repository/org/jodd/jodd-lagarto/5.0.13/jodd-lagarto-5.0.13.jar:/Users/alexpiczenik/.m2/repository/org/jsoup/jsoup/1.15.1/jsoup-1.15.1.jar:/Users/alexpiczenik/.m2/repository/oro/oro/2.0.8/oro-2.0.8.jar:/Users/alexpiczenik/.m2/repository/org/apache/commons/commons-collections4/4.4/commons-collections4-4.4.jar:/Users/alexpiczenik/.m2/repository/commons-net/commons-net/3.8.0/commons-net-3.8.0.jar:/Users/alexpiczenik/.m2/repository/com/helger/commons/ph-commons/10.1.6/ph-commons-10.1.6.jar:/Users/alexpiczenik/.m2/repository/com/helger/ph-css/6.5.0/ph-css-6.5.0.jar:/Users/alexpiczenik/.m2/repository/dnsjava/dnsjava/2.1.9/dnsjava-2.1.9.jar:/Users/alexpiczenik/.m2/repository/org/apache/httpcomponents/httpmime/4.5.13/httpmime-4.5.13.jar:/Users/alexpiczenik/.m2/repository/org/brotli/dec/0.1.2/dec-0.1.2.jar:/Users/alexpiczenik/.m2/repository/com/miglayout/miglayout-swing/5.3/miglayout-swing-5.3.jar:/Users/alexpiczenik/.m2/repository/com/miglayout/miglayout-core/5.3/miglayout-core-5.3.jar:/Users/alexpiczenik/.m2/repository/com/fasterxml/jackson/core/jackson-core/2.13.3/jackson-core-2.13.3.jar:/Users/alexpiczenik/.m2/repository/com/fasterxml/jackson/core/jackson-databind/2.13.3/jackson-databind-2.13.3.jar:/Users/alexpiczenik/.m2/repository/org/apache/tika/tika-core/1.28.3/tika-core-1.28.3.jar:/Users/alexpiczenik/.m2/repository/org/apache/tika/tika-parsers/1.28.3/tika-parsers-1.28.3.jar:/Users/alexpiczenik/.m2/repository/org/apache/jmeter/ApacheJMeter_functions/5.5/ApacheJMeter_functions-5.5.jar:/Users/alexpiczenik/.m2/repository/org/mozilla/rhino/1.7.14/rhino-1.7.14.jar:/Users/alexpiczenik/.m2/repository/commons-codec/commons-codec/1.15/commons-codec-1.15.jar:/Users/alexpiczenik/.m2/repository/org/apache/commons/commons-jexl/2.1.1/commons-jexl-2.1.1.jar:/Users/alexpiczenik/.m2/repository/org/apache/commons/commons-jexl3/3.2.1/commons-jexl3-3.2.1.jar:/Users/alexpiczenik/.m2/repository/org/apache/jmeter/ApacheJMeter_components/5.5/ApacheJMeter_components-5.5.jar:/Users/alexpiczenik/.m2/repository/org/apache-extras/beanshell/bsh/2.0b6/bsh-2.0b6.jar:/Users/alexpiczenik/.m2/repository/javax/mail/mail/1.5.0-b01/mail-1.5.0-b01.jar:/Users/alexpiczenik/.m2/repository/io/burt/jmespath-core/0.5.1/jmespath-core-0.5.1.jar:/Users/alexpiczenik/.m2/repository/io/burt/jmespath-jackson/0.5.1/jmespath-jackson-0.5.1.jar:/Users/alexpiczenik/.m2/repository/jcharts/jcharts/0.7.5/jcharts-0.7.5.jar:/Users/alexpiczenik/.m2/repository/net/minidev/json-smart/2.4.8/json-smart-2.4.8.jar:/Users/alexpiczenik/.m2/repository/net/minidev/accessors-smart/2.4.8/accessors-smart-2.4.8.jar:/Users/alexpiczenik/.m2/repository/org/apache/commons/commons-pool2/2.11.1/commons-pool2-2.11.1.jar:/Users/alexpiczenik/.m2/repository/org/ow2/asm/asm/9.3/asm-9.3.jar:/Users/alexpiczenik/.m2/repository/org/jodd/jodd-log/5.0.13/jodd-log-5.0.13.jar:/Users/alexpiczenik/.m2/repository/com/jayway/jsonpath/json-path/2.7.0/json-path-2.7.0.jar:/Users/alexpiczenik/.m2/repository/org/apache/httpcomponents/httpasyncclient/4.1.5/httpasyncclient-4.1.5.jar:/Users/alexpiczenik/.m2/repository/org/apache/httpcomponents/httpcore-nio/4.4.15/httpcore-nio-4.4.15.jar:/Users/alexpiczenik/.m2/repository/net/sf/jtidy/jtidy/r938/jtidy-r938.jar:/Users/alexpiczenik/.m2/repository/com/sun/activation/javax.activation/1.2.0/javax.activation-1.2.0.jar:/Users/alexpiczenik/.m2/repository/org/apache/jmeter/ApacheJMeter_config/5.5/ApacheJMeter_config-5.5.jar:/Users/alexpiczenik/.m2/repository/org/apache/jmeter/ApacheJMeter_java/5.5/ApacheJMeter_java-5.5.jar:/Users/alexpiczenik/.m2/repository/kg/apc/jmeter-plugins-casutg/2.10/jmeter-plugins-casutg-2.10.jar:/Users/alexpiczenik/.m2/repository/kg/apc/jmeter-plugins-cmn-jmeter/0.6/jmeter-plugins-cmn-jmeter-0.6.jar:/Users/alexpiczenik/.m2/repository/kg/apc/jmeter-plugins-charts/0.1/jmeter-plugins-charts-0.1.jar:/Users/alexpiczenik/.m2/repository/kg/apc/jmeter-plugins-tst/2.5/jmeter-plugins-tst-2.5.jar:/Users/alexpiczenik/.m2/repository/kg/apc/jmeter-plugins-dummy/0.4/jmeter-plugins-dummy-0.4.jar:/Users/alexpiczenik/.m2/repository/com/blazemeter/jmeter-plugins-wsc/0.7/jmeter-plugins-wsc-0.7.jar:/Users/alexpiczenik/.m2/repository/com/blazemeter/jmeter-plugins-random-csv-data-set/0.8/jmeter-plugins-random-csv-data-set-0.8.jar:/Users/alexpiczenik/.m2/repository/org/apache/httpcomponents/httpcore/4.4.16/httpcore-4.4.16.jar:/Users/alexpiczenik/.m2/repository/org/apache/httpcomponents/httpclient/4.5.14/httpclient-4.5.14.jar:/Users/alexpiczenik/.m2/repository/commons-logging/commons-logging/1.2/commons-logging-1.2.jar:/Users/alexpiczenik/.m2/repository/commons-io/commons-io/2.11.0/commons-io-2.11.0.jar:/Users/alexpiczenik/.m2/repository/org/apache/commons/commons-math3/3.6.1/commons-math3-3.6.1.jar:/Users/alexpiczenik/.m2/repository/org/slf4j/slf4j-api/1.7.36/slf4j-api-1.7.36.jar:/Users/alexpiczenik/.m2/repository/org/junit/jupiter/junit-jupiter-engine/5.9.0/junit-jupiter-engine-5.9.0.jar:/Users/alexpiczenik/.m2/repository/org/junit/platform/junit-platform-engine/1.9.0/junit-platform-engine-1.9.0.jar:/Users/alexpiczenik/.m2/repository/org/opentest4j/opentest4j/1.2.0/opentest4j-1.2.0.jar:/Users/alexpiczenik/.m2/repository/org/junit/platform/junit-platform-commons/1.9.0/junit-platform-commons-1.9.0.jar:/Users/alexpiczenik/.m2/repository/org/junit/jupiter/junit-jupiter-api/5.9.0/junit-jupiter-api-5.9.0.jar:/Users/alexpiczenik/.m2/repository/org/apiguardian/apiguardian-api/1.1.2/apiguardian-api-1.1.2.jar:/Users/alexpiczenik/.m2/repository/org/assertj/assertj-core/3.23.1/assertj-core-3.23.1.jar:/Users/alexpiczenik/.m2/repository/net/bytebuddy/byte-buddy/1.12.10/byte-buddy-1.12.10.jar:"/>
    <property name="java.vm.vendor" value="Homebrew"/>
    <property name="sun.arch.data.model" value="64"/>
    <property name="java.vendor.url" value="https://github.com/Homebrew/homebrew-core/issues"/>
    <property name="user.timezone" value="America/Montevideo"/>
    <property name="os.name" value="Mac OS X"/>
    <property name="java.vm.specification.version" value="20"/>
    <property name="sun.java.launcher" value="SUN_STANDARD"/>
    <property name="user.country" value="UY"/>
    <property name="sun.boot.library.path" value="/opt/homebrew/Cellar/openjdk/20.0.1/libexec/openjdk.jdk/Contents/Home/lib"/>
    <property name="sun.java.command" value="/Users/alexpiczenik/Desktop/jmeter-java-ASP/target/surefire/surefirebooter-20230619235529948_3.jar /Users/alexpiczenik/Desktop/jmeter-java-ASP/target/surefire 2023-06-19T23-55-28_336-jvmRun1 surefire-20230619235529948_1tmp surefire_0-20230619235529948_2tmp"/>
    <property name="http.nonProxyHosts" value="local|*.local|169.254/16|*.169.254/16"/>
    <property name="jdk.debug" value="release"/>
    <property name="surefire.test.class.path" value="/Users/alexpiczenik/Desktop/jmeter-java-ASP/target/test-classes:/Users/alexpiczenik/Desktop/jmeter-java-ASP/target/classes:/Users/alexpiczenik/.m2/repository/us/abstracta/jmeter/jmeter-java-dsl/1.9/jmeter-java-dsl-1.9.jar:/Users/alexpiczenik/.m2/repository/org/apache/jmeter/ApacheJMeter_http/5.5/ApacheJMeter_http-5.5.jar:/Users/alexpiczenik/.m2/repository/org/apache/jmeter/ApacheJMeter_core/5.5/ApacheJMeter_core-5.5.jar:/Users/alexpiczenik/.m2/repository/org/apache/jmeter/ApacheJMeter/5.5/ApacheJMeter-5.5.jar:/Users/alexpiczenik/.m2/repository/org/apache/jmeter/jorphan/5.5/jorphan-5.5.jar:/Users/alexpiczenik/.m2/repository/bsf/bsf/2.4.0/bsf-2.4.0.jar:/Users/alexpiczenik/.m2/repository/com/fifesoft/rsyntaxtextarea/3.2.0/rsyntaxtextarea-3.2.0.jar:/Users/alexpiczenik/.m2/repository/org/apache/logging/log4j/log4j-1.2-api/2.17.2/log4j-1.2-api-2.17.2.jar:/Users/alexpiczenik/.m2/repository/org/apache/logging/log4j/log4j-api/2.17.2/log4j-api-2.17.2.jar:/Users/alexpiczenik/.m2/repository/org/apache/logging/log4j/log4j-core/2.17.2/log4j-core-2.17.2.jar:/Users/alexpiczenik/.m2/repository/org/apache/logging/log4j/log4j-slf4j-impl/2.17.2/log4j-slf4j-impl-2.17.2.jar:/Users/alexpiczenik/.m2/repository/xalan/xalan/2.7.2/xalan-2.7.2.jar:/Users/alexpiczenik/.m2/repository/xalan/serializer/2.7.2/serializer-2.7.2.jar:/Users/alexpiczenik/.m2/repository/net/sf/saxon/Saxon-HE/11.3/Saxon-HE-11.3.jar:/Users/alexpiczenik/.m2/repository/org/xmlresolver/xmlresolver/4.2.0/xmlresolver-4.2.0.jar:/Users/alexpiczenik/.m2/repository/org/xmlresolver/xmlresolver/4.2.0/xmlresolver-4.2.0-data.jar:/Users/alexpiczenik/.m2/repository/org/jetbrains/kotlin/kotlin-stdlib-jdk8/1.6.21/kotlin-stdlib-jdk8-1.6.21.jar:/Users/alexpiczenik/.m2/repository/org/jetbrains/kotlin/kotlin-stdlib/1.6.21/kotlin-stdlib-1.6.21.jar:/Users/alexpiczenik/.m2/repository/org/jetbrains/kotlin/kotlin-stdlib-jdk7/1.6.21/kotlin-stdlib-jdk7-1.6.21.jar:/Users/alexpiczenik/.m2/repository/org/jetbrains/kotlinx/kotlinx-coroutines-core/1.6.1/kotlinx-coroutines-core-1.6.1.jar:/Users/alexpiczenik/.m2/repository/org/jetbrains/kotlinx/kotlinx-coroutines-core-jvm/1.6.1/kotlinx-coroutines-core-jvm-1.6.1.jar:/Users/alexpiczenik/.m2/repository/org/jetbrains/kotlinx/kotlinx-coroutines-swing/1.6.1/kotlinx-coroutines-swing-1.6.1.jar:/Users/alexpiczenik/.m2/repository/com/fasterxml/jackson/core/jackson-annotations/2.13.3/jackson-annotations-2.13.3.jar:/Users/alexpiczenik/.m2/repository/com/formdev/svgSalamander/1.1.2.4/svgSalamander-1.1.2.4.jar:/Users/alexpiczenik/.m2/repository/com/github/weisj/darklaf-core/2.7.3/darklaf-core-2.7.3.jar:/Users/alexpiczenik/.m2/repository/com/github/weisj/darklaf-utils/2.7.3/darklaf-utils-2.7.3.jar:/Users/alexpiczenik/.m2/repository/com/github/weisj/darklaf-native-utils/2.7.3/darklaf-native-utils-2.7.3.jar:/Users/alexpiczenik/.m2/repository/com/github/weisj/darklaf-platform-base/2.7.3/darklaf-platform-base-2.7.3.jar:/Users/alexpiczenik/.m2/repository/com/github/weisj/darklaf-windows/2.7.3/darklaf-windows-2.7.3.jar:/Users/alexpiczenik/.m2/repository/com/github/weisj/darklaf-macos/2.7.3/darklaf-macos-2.7.3.jar:/Users/alexpiczenik/.m2/repository/com/github/weisj/swing-extensions-laf-support/0.1.3/swing-extensions-laf-support-0.1.3.jar:/Users/alexpiczenik/.m2/repository/com/github/weisj/darklaf-theme/2.7.3/darklaf-theme-2.7.3.jar:/Users/alexpiczenik/.m2/repository/com/github/weisj/darklaf-property-loader/2.7.3/darklaf-property-loader-2.7.3.jar:/Users/alexpiczenik/.m2/repository/com/github/weisj/swing-extensions-visual-padding/0.1.3/swing-extensions-visual-padding-0.1.3.jar:/Users/alexpiczenik/.m2/repository/org/jetbrains/annotations/16.0.2/annotations-16.0.2.jar:/Users/alexpiczenik/.m2/repository/com/github/weisj/darklaf-extensions-rsyntaxarea/0.3.4/darklaf-extensions-rsyntaxarea-0.3.4.jar:/Users/alexpiczenik/.m2/repository/commons-collections/commons-collections/3.2.2/commons-collections-3.2.2.jar:/Users/alexpiczenik/.m2/repository/org/jetbrains/lets-plot/lets-plot-batik/2.2.1/lets-plot-batik-2.2.1.jar:/Users/alexpiczenik/.m2/repository/org/apache/xmlgraphics/batik-codec/1.14/batik-codec-1.14.jar:/Users/alexpiczenik/.m2/repository/org/apache/xmlgraphics/batik-awt-util/1.14/batik-awt-util-1.14.jar:/Users/alexpiczenik/.m2/repository/org/apache/xmlgraphics/batik-bridge/1.14/batik-bridge-1.14.jar:/Users/alexpiczenik/.m2/repository/org/apache/xmlgraphics/batik-anim/1.14/batik-anim-1.14.jar:/Users/alexpiczenik/.m2/repository/org/apache/xmlgraphics/batik-ext/1.14/batik-ext-1.14.jar:/Users/alexpiczenik/.m2/repository/org/apache/xmlgraphics/batik-css/1.14/batik-css-1.14.jar:/Users/alexpiczenik/.m2/repository/org/apache/xmlgraphics/batik-dom/1.14/batik-dom-1.14.jar:/Users/alexpiczenik/.m2/repository/org/apache/xmlgraphics/batik-gvt/1.14/batik-gvt-1.14.jar:/Users/alexpiczenik/.m2/repository/org/apache/xmlgraphics/batik-parser/1.14/batik-parser-1.14.jar:/Users/alexpiczenik/.m2/repository/org/apache/xmlgraphics/batik-script/1.14/batik-script-1.14.jar:/Users/alexpiczenik/.m2/repository/org/apache/xmlgraphics/batik-svg-dom/1.14/batik-svg-dom-1.14.jar:/Users/alexpiczenik/.m2/repository/org/apache/xmlgraphics/batik-xml/1.14/batik-xml-1.14.jar:/Users/alexpiczenik/.m2/repository/xml-apis/xml-apis-ext/1.3.04/xml-apis-ext-1.3.04.jar:/Users/alexpiczenik/.m2/repository/org/apache/xmlgraphics/batik-shared-resources/1.14/batik-shared-resources-1.14.jar:/Users/alexpiczenik/.m2/repository/org/apache/xmlgraphics/batik-transcoder/1.14/batik-transcoder-1.14.jar:/Users/alexpiczenik/.m2/repository/org/apache/xmlgraphics/batik-svggen/1.14/batik-svggen-1.14.jar:/Users/alexpiczenik/.m2/repository/org/apache/xmlgraphics/batik-util/1.14/batik-util-1.14.jar:/Users/alexpiczenik/.m2/repository/org/apache/xmlgraphics/batik-constants/1.14/batik-constants-1.14.jar:/Users/alexpiczenik/.m2/repository/org/apache/xmlgraphics/batik-i18n/1.14/batik-i18n-1.14.jar:/Users/alexpiczenik/.m2/repository/org/jetbrains/lets-plot/lets-plot-common/2.2.1/lets-plot-common-2.2.1.jar:/Users/alexpiczenik/.m2/repository/io/github/microutils/kotlin-logging/2.0.5/kotlin-logging-2.0.5.jar:/Users/alexpiczenik/.m2/repository/org/jetbrains/kotlinx/kotlinx-html-jvm/0.7.3/kotlinx-html-jvm-0.7.3.jar:/Users/alexpiczenik/.m2/repository/org/jetbrains/lets-plot/lets-plot-kotlin-jvm/3.1.1/lets-plot-kotlin-jvm-3.1.1.jar:/Users/alexpiczenik/.m2/repository/org/jetbrains/lets-plot/base-portable-jvm/2.2.1/base-portable-jvm-2.2.1.jar:/Users/alexpiczenik/.m2/repository/org/jetbrains/lets-plot/plot-base-portable-jvm/2.2.1/plot-base-portable-jvm-2.2.1.jar:/Users/alexpiczenik/.m2/repository/org/jetbrains/lets-plot/vis-svg-portable-jvm/2.2.1/vis-svg-portable-jvm-2.2.1.jar:/Users/alexpiczenik/.m2/repository/org/jetbrains/lets-plot/plot-common-portable-jvm/2.2.1/plot-common-portable-jvm-2.2.1.jar:/Users/alexpiczenik/.m2/repository/org/jetbrains/lets-plot/plot-builder-portable-jvm/2.2.1/plot-builder-portable-jvm-2.2.1.jar:/Users/alexpiczenik/.m2/repository/org/jetbrains/lets-plot/plot-config-portable-jvm/2.2.1/plot-config-portable-jvm-2.2.1.jar:/Users/alexpiczenik/.m2/repository/org/jetbrains/kotlin/kotlin-stdlib-common/1.5.31/kotlin-stdlib-common-1.5.31.jar:/Users/alexpiczenik/.m2/repository/io/github/microutils/kotlin-logging-jvm/2.0.5/kotlin-logging-jvm-2.0.5.jar:/Users/alexpiczenik/.m2/repository/org/apache/xmlgraphics/xmlgraphics-commons/2.7/xmlgraphics-commons-2.7.jar:/Users/alexpiczenik/.m2/repository/org/freemarker/freemarker/2.3.31/freemarker-2.3.31.jar:/Users/alexpiczenik/.m2/repository/org/jodd/jodd-core/5.0.13/jodd-core-5.0.13.jar:/Users/alexpiczenik/.m2/repository/org/jodd/jodd-props/5.0.13/jodd-props-5.0.13.jar:/Users/alexpiczenik/.m2/repository/org/slf4j/jcl-over-slf4j/1.7.36/jcl-over-slf4j-1.7.36.jar:/Users/alexpiczenik/.m2/repository/org/codehaus/groovy/groovy/3.0.11/groovy-3.0.11.jar:/Users/alexpiczenik/.m2/repository/org/codehaus/groovy/groovy-dateutil/3.0.11/groovy-dateutil-3.0.11.jar:/Users/alexpiczenik/.m2/repository/org/codehaus/groovy/groovy-datetime/3.0.11/groovy-datetime-3.0.11.jar:/Users/alexpiczenik/.m2/repository/org/codehaus/groovy/groovy-jmx/3.0.11/groovy-jmx-3.0.11.jar:/Users/alexpiczenik/.m2/repository/org/codehaus/groovy/groovy-json/3.0.11/groovy-json-3.0.11.jar:/Users/alexpiczenik/.m2/repository/org/codehaus/groovy/groovy-jsr223/3.0.11/groovy-jsr223-3.0.11.jar:/Users/alexpiczenik/.m2/repository/org/codehaus/groovy/groovy-sql/3.0.11/groovy-sql-3.0.11.jar:/Users/alexpiczenik/.m2/repository/org/codehaus/groovy/groovy-templates/3.0.11/groovy-templates-3.0.11.jar:/Users/alexpiczenik/.m2/repository/org/codehaus/groovy/groovy-xml/3.0.11/groovy-xml-3.0.11.jar:/Users/alexpiczenik/.m2/repository/xerces/xercesImpl/2.12.2/xercesImpl-2.12.2.jar:/Users/alexpiczenik/.m2/repository/xml-apis/xml-apis/1.4.01/xml-apis-1.4.01.jar:/Users/alexpiczenik/.m2/repository/com/thoughtworks/xstream/xstream/1.4.19/xstream-1.4.19.jar:/Users/alexpiczenik/.m2/repository/io/github/x-stream/mxparser/1.2.2/mxparser-1.2.2.jar:/Users/alexpiczenik/.m2/repository/xmlpull/xmlpull/1.1.3.1/xmlpull-1.1.3.1.jar:/Users/alexpiczenik/.m2/repository/com/github/ben-manes/caffeine/caffeine/2.9.3/caffeine-2.9.3.jar:/Users/alexpiczenik/.m2/repository/org/checkerframework/checker-qual/3.19.0/checker-qual-3.19.0.jar:/Users/alexpiczenik/.m2/repository/com/google/errorprone/error_prone_annotations/2.10.0/error_prone_annotations-2.10.0.jar:/Users/alexpiczenik/.m2/repository/org/apache/commons/commons-lang3/3.12.0/commons-lang3-3.12.0.jar:/Users/alexpiczenik/.m2/repository/org/apache/commons/commons-text/1.9/commons-text-1.9.jar:/Users/alexpiczenik/.m2/repository/org/jodd/jodd-lagarto/5.0.13/jodd-lagarto-5.0.13.jar:/Users/alexpiczenik/.m2/repository/org/jsoup/jsoup/1.15.1/jsoup-1.15.1.jar:/Users/alexpiczenik/.m2/repository/oro/oro/2.0.8/oro-2.0.8.jar:/Users/alexpiczenik/.m2/repository/org/apache/commons/commons-collections4/4.4/commons-collections4-4.4.jar:/Users/alexpiczenik/.m2/repository/commons-net/commons-net/3.8.0/commons-net-3.8.0.jar:/Users/alexpiczenik/.m2/repository/com/helger/commons/ph-commons/10.1.6/ph-commons-10.1.6.jar:/Users/alexpiczenik/.m2/repository/com/helger/ph-css/6.5.0/ph-css-6.5.0.jar:/Users/alexpiczenik/.m2/repository/dnsjava/dnsjava/2.1.9/dnsjava-2.1.9.jar:/Users/alexpiczenik/.m2/repository/org/apache/httpcomponents/httpmime/4.5.13/httpmime-4.5.13.jar:/Users/alexpiczenik/.m2/repository/org/brotli/dec/0.1.2/dec-0.1.2.jar:/Users/alexpiczenik/.m2/repository/com/miglayout/miglayout-swing/5.3/miglayout-swing-5.3.jar:/Users/alexpiczenik/.m2/repository/com/miglayout/miglayout-core/5.3/miglayout-core-5.3.jar:/Users/alexpiczenik/.m2/repository/com/fasterxml/jackson/core/jackson-core/2.13.3/jackson-core-2.13.3.jar:/Users/alexpiczenik/.m2/repository/com/fasterxml/jackson/core/jackson-databind/2.13.3/jackson-databind-2.13.3.jar:/Users/alexpiczenik/.m2/repository/org/apache/tika/tika-core/1.28.3/tika-core-1.28.3.jar:/Users/alexpiczenik/.m2/repository/org/apache/tika/tika-parsers/1.28.3/tika-parsers-1.28.3.jar:/Users/alexpiczenik/.m2/repository/org/apache/jmeter/ApacheJMeter_functions/5.5/ApacheJMeter_functions-5.5.jar:/Users/alexpiczenik/.m2/repository/org/mozilla/rhino/1.7.14/rhino-1.7.14.jar:/Users/alexpiczenik/.m2/repository/commons-codec/commons-codec/1.15/commons-codec-1.15.jar:/Users/alexpiczenik/.m2/repository/org/apache/commons/commons-jexl/2.1.1/commons-jexl-2.1.1.jar:/Users/alexpiczenik/.m2/repository/org/apache/commons/commons-jexl3/3.2.1/commons-jexl3-3.2.1.jar:/Users/alexpiczenik/.m2/repository/org/apache/jmeter/ApacheJMeter_components/5.5/ApacheJMeter_components-5.5.jar:/Users/alexpiczenik/.m2/repository/org/apache-extras/beanshell/bsh/2.0b6/bsh-2.0b6.jar:/Users/alexpiczenik/.m2/repository/javax/mail/mail/1.5.0-b01/mail-1.5.0-b01.jar:/Users/alexpiczenik/.m2/repository/io/burt/jmespath-core/0.5.1/jmespath-core-0.5.1.jar:/Users/alexpiczenik/.m2/repository/io/burt/jmespath-jackson/0.5.1/jmespath-jackson-0.5.1.jar:/Users/alexpiczenik/.m2/repository/jcharts/jcharts/0.7.5/jcharts-0.7.5.jar:/Users/alexpiczenik/.m2/repository/net/minidev/json-smart/2.4.8/json-smart-2.4.8.jar:/Users/alexpiczenik/.m2/repository/net/minidev/accessors-smart/2.4.8/accessors-smart-2.4.8.jar:/Users/alexpiczenik/.m2/repository/org/apache/commons/commons-pool2/2.11.1/commons-pool2-2.11.1.jar:/Users/alexpiczenik/.m2/repository/org/ow2/asm/asm/9.3/asm-9.3.jar:/Users/alexpiczenik/.m2/repository/org/jodd/jodd-log/5.0.13/jodd-log-5.0.13.jar:/Users/alexpiczenik/.m2/repository/com/jayway/jsonpath/json-path/2.7.0/json-path-2.7.0.jar:/Users/alexpiczenik/.m2/repository/org/apache/httpcomponents/httpasyncclient/4.1.5/httpasyncclient-4.1.5.jar:/Users/alexpiczenik/.m2/repository/org/apache/httpcomponents/httpcore-nio/4.4.15/httpcore-nio-4.4.15.jar:/Users/alexpiczenik/.m2/repository/net/sf/jtidy/jtidy/r938/jtidy-r938.jar:/Users/alexpiczenik/.m2/repository/com/sun/activation/javax.activation/1.2.0/javax.activation-1.2.0.jar:/Users/alexpiczenik/.m2/repository/org/apache/jmeter/ApacheJMeter_config/5.5/ApacheJMeter_config-5.5.jar:/Users/alexpiczenik/.m2/repository/org/apache/jmeter/ApacheJMeter_java/5.5/ApacheJMeter_java-5.5.jar:/Users/alexpiczenik/.m2/repository/kg/apc/jmeter-plugins-casutg/2.10/jmeter-plugins-casutg-2.10.jar:/Users/alexpiczenik/.m2/repository/kg/apc/jmeter-plugins-cmn-jmeter/0.6/jmeter-plugins-cmn-jmeter-0.6.jar:/Users/alexpiczenik/.m2/repository/kg/apc/jmeter-plugins-charts/0.1/jmeter-plugins-charts-0.1.jar:/Users/alexpiczenik/.m2/repository/kg/apc/jmeter-plugins-tst/2.5/jmeter-plugins-tst-2.5.jar:/Users/alexpiczenik/.m2/repository/kg/apc/jmeter-plugins-dummy/0.4/jmeter-plugins-dummy-0.4.jar:/Users/alexpiczenik/.m2/repository/com/blazemeter/jmeter-plugins-wsc/0.7/jmeter-plugins-wsc-0.7.jar:/Users/alexpiczenik/.m2/repository/com/blazemeter/jmeter-plugins-random-csv-data-set/0.8/jmeter-plugins-random-csv-data-set-0.8.jar:/Users/alexpiczenik/.m2/repository/org/apache/httpcomponents/httpcore/4.4.16/httpcore-4.4.16.jar:/Users/alexpiczenik/.m2/repository/org/apache/httpcomponents/httpclient/4.5.14/httpclient-4.5.14.jar:/Users/alexpiczenik/.m2/repository/commons-logging/commons-logging/1.2/commons-logging-1.2.jar:/Users/alexpiczenik/.m2/repository/commons-io/commons-io/2.11.0/commons-io-2.11.0.jar:/Users/alexpiczenik/.m2/repository/org/apache/commons/commons-math3/3.6.1/commons-math3-3.6.1.jar:/Users/alexpiczenik/.m2/repository/org/slf4j/slf4j-api/1.7.36/slf4j-api-1.7.36.jar:/Users/alexpiczenik/.m2/repository/org/junit/jupiter/junit-jupiter-engine/5.9.0/junit-jupiter-engine-5.9.0.jar:/Users/alexpiczenik/.m2/repository/org/junit/platform/junit-platform-engine/1.9.0/junit-platform-engine-1.9.0.jar:/Users/alexpiczenik/.m2/repository/org/opentest4j/opentest4j/1.2.0/opentest4j-1.2.0.jar:/Users/alexpiczenik/.m2/repository/org/junit/platform/junit-platform-commons/1.9.0/junit-platform-commons-1.9.0.jar:/Users/alexpiczenik/.m2/repository/org/junit/jupiter/junit-jupiter-api/5.9.0/junit-jupiter-api-5.9.0.jar:/Users/alexpiczenik/.m2/repository/org/apiguardian/apiguardian-api/1.1.2/apiguardian-api-1.1.2.jar:/Users/alexpiczenik/.m2/repository/org/assertj/assertj-core/3.23.1/assertj-core-3.23.1.jar:/Users/alexpiczenik/.m2/repository/net/bytebuddy/byte-buddy/1.12.10/byte-buddy-1.12.10.jar:"/>
    <property name="sun.cpu.endian" value="little"/>
    <property name="user.home" value="/Users/alexpiczenik"/>
    <property name="user.language" value="en"/>
    <property name="java.specification.vendor" value="Oracle Corporation"/>
    <property name="java.version.date" value="2023-04-18"/>
    <property name="java.home" value="/opt/homebrew/Cellar/openjdk/20.0.1/libexec/openjdk.jdk/Contents/Home"/>
    <property name="file.separator" value="/"/>
    <property name="basedir" value="/Users/alexpiczenik/Desktop/jmeter-java-ASP"/>
    <property name="java.vm.compressedOopsMode" value="Zero based"/>
    <property name="line.separator" value="&#10;"/>
    <property name="java.vm.specification.vendor" value="Oracle Corporation"/>
    <property name="java.specification.name" value="Java Platform API Specification"/>
    <property name="apple.awt.application.name" value="ForkedBooter"/>
    <property name="surefire.real.class.path" value="/Users/alexpiczenik/Desktop/jmeter-java-ASP/target/surefire/surefirebooter-20230619235529948_3.jar"/>
    <property name="sun.management.compiler" value="HotSpot 64-Bit Tiered Compilers"/>
    <property name="ftp.nonProxyHosts" value="local|*.local|169.254/16|*.169.254/16"/>
    <property name="java.runtime.version" value="20.0.1"/>
    <property name="user.name" value="alexpiczenik"/>
    <property name="stdout.encoding" value="UTF-8"/>
    <property name="path.separator" value=":"/>
    <property name="os.version" value="13.0"/>
    <property name="java.runtime.name" value="OpenJDK Runtime Environment"/>
    <property name="file.encoding" value="UTF-8"/>
    <property name="java.vm.name" value="OpenJDK 64-Bit Server VM"/>
    <property name="java.vendor.version" value="Homebrew"/>
    <property name="localRepository" value="/Users/alexpiczenik/.m2/repository"/>
    <property name="java.vendor.url.bug" value="https://github.com/Homebrew/homebrew-core/issues"/>
    <property name="java.io.tmpdir" value="/var/folders/xb/nzhlpvsj11g44s8pbmjh0y5m0000gn/T/"/>
    <property name="java.version" value="20.0.1"/>
    <property name="user.dir" value="/Users/alexpiczenik/Desktop/jmeter-java-ASP"/>
    <property name="os.arch" value="aarch64"/>
    <property name="java.vm.specification.name" value="Java Virtual Machine Specification"/>
    <property name="native.encoding" value="UTF-8"/>
    <property name="java.library.path" value="/Users/alexpiczenik/Library/Java/Extensions:/Library/Java/Extensions:/Network/Library/Java/Extensions:/System/Library/Java/Extensions:/usr/lib/java:."/>
    <property name="java.vm.info" value="mixed mode, sharing"/>
    <property name="stderr.encoding" value="UTF-8"/>
    <property name="java.vendor" value="Homebrew"/>
    <property name="java.vm.version" value="20.0.1"/>
    <property name="sun.io.unicode.encoding" value="UnicodeBig"/>
    <property name="socksNonProxyHosts" value="local|*.local|169.254/16|*.169.254/16"/>
    <property name="java.class.version" value="64.0"/>
  </properties>
  <testcase name="testPerformanceREQ10" classname="us.abstracta.jmeter.javadsl.sample.PerformanceTest" time="60.827">
    <system-out><![CDATA[23:55:30.736 [RPS Thread Group-ThreadStarter] INFO  com.blazemeter.jmeter.threads.concurrency.ConcurrencyThreadStarter - Start supplying threads
23:55:30.750 [RPS Thread Group-ThreadStarter 1-1] WARN  kg.apc.jmeter.timers.VariableThroughputTimer - No free threads available in current Thread Group RPS Thread Group, made 0 samples/s for expected rps 1.0 samples/s, increase your number of threads
 +      1 in 00:00:00 =   11.9/s Avg:    13 Min:    13 Max:    13 Err:     1 (100.00%) Active: 1 Started: 1 Finished: 0
23:55:53.000 [RPS Thread Group-ThreadStarter 1-1] WARN  kg.apc.jmeter.timers.VariableThroughputTimer - No free threads available in current Thread Group RPS Thread Group, made 441 samples/s for expected rps 460.6166666666667 samples/s, increase your number of threads
23:55:54.004 [RPS Thread Group-ThreadStarter 1-1] INFO  com.blazemeter.jmeter.control.VirtualUserController - Need to decrease concurrency, thread is done: RPS Thread Group-ThreadStarter 1-1
23:55:54.004 [RPS Thread Group-ThreadStarter 1-2] INFO  com.blazemeter.jmeter.control.VirtualUserController - Need to decrease concurrency, thread is done: RPS Thread Group-ThreadStarter 1-2
 +   8717 in 00:00:29 =  298.4/s Avg:     0 Min:     0 Max:    32 Err:  8717 (100.00%) Active: 2 Started: 4 Finished: 2
 =   8718 in 00:00:29 =  297.6/s Avg:     0 Min:     0 Max:    32 Err:  8718 (100.00%)
23:56:12.000 [RPS Thread Group-ThreadStarter 1-4] WARN  kg.apc.jmeter.timers.VariableThroughputTimer - No free threads available in current Thread Group RPS Thread Group, made 819 samples/s for expected rps 840.3 samples/s, increase your number of threads
23:56:13.003 [RPS Thread Group-ThreadStarter 1-4] INFO  com.blazemeter.jmeter.control.VirtualUserController - Need to decrease concurrency, thread is done: RPS Thread Group-ThreadStarter 1-4
23:56:13.003 [RPS Thread Group-ThreadStarter 1-5] INFO  com.blazemeter.jmeter.control.VirtualUserController - Need to decrease concurrency, thread is done: RPS Thread Group-ThreadStarter 1-5
 +  26685 in 00:00:30 =  889.5/s Avg:     0 Min:     0 Max:    17 Err: 26685 (100.00%) Active: 2 Started: 6 Finished: 4
 =  35403 in 00:00:59 =  597.1/s Avg:     0 Min:     0 Max:    32 Err: 35403 (100.00%)
23:56:30.001 [RPS Thread Group-ThreadStarter 1-6] WARN  kg.apc.jmeter.timers.VariableThroughputTimer - No free threads available in current Thread Group RPS Thread Group, made 1179 samples/s for expected rps 1200.0 samples/s, increase your number of threads
23:56:31.001 [RPS Thread Group-ThreadStarter 1-3] INFO  kg.apc.jmeter.timers.VariableThroughputTimer - No further RPS schedule, asking threads to stop...
23:56:31.001 [RPS Thread Group-ThreadStarter 1-3] INFO  kg.apc.jmeter.timers.VariableThroughputTimer - Stopping gracefuly threads of Thread Group : RPS Thread Group
23:56:31.001 [RPS Thread Group-ThreadStarter] INFO  com.blazemeter.jmeter.threads.concurrency.ConcurrencyThreadStarter - Done supplying threads
23:56:31.005 [main] WARN  org.apache.jmeter.engine.StandardJMeterEngine - Error encountered during shutdown of us.abstracta.jmeter.javadsl.core.listeners.HtmlReporter$AutoFlushingResultCollector@3deb2326
java.lang.IllegalArgumentException: Cannot read test results file : ./reports/PerformanceREQ10/2023-06-19 11-55-30 3ba8250d-e604-4fe0-8469-640f02266a2f/report.jtl
	at org.apache.jmeter.report.dashboard.ReportGenerator.<init>(ReportGenerator.java:133) ~[ApacheJMeter_core-5.5.jar:5.5]
	at us.abstracta.jmeter.javadsl.core.listeners.HtmlReporter$HtmlReportSummariser.testEnded(HtmlReporter.java:167) ~[jmeter-java-dsl-1.9.jar:1.9]
	at org.apache.jmeter.reporters.ResultCollector.testEnded(ResultCollector.java:308) ~[ApacheJMeter_core-5.5.jar:5.5]
	at us.abstracta.jmeter.javadsl.core.listeners.HtmlReporter$AutoFlushingResultCollector.testEnded(HtmlReporter.java:218) ~[jmeter-java-dsl-1.9.jar:1.9]
	at org.apache.jmeter.reporters.ResultCollector.testEnded(ResultCollector.java:345) ~[ApacheJMeter_core-5.5.jar:5.5]
	at org.apache.jmeter.engine.StandardJMeterEngine.notifyTestListenersOfEnd(StandardJMeterEngine.java:230) ~[ApacheJMeter_core-5.5.jar:5.5]
	at org.apache.jmeter.engine.StandardJMeterEngine.run(StandardJMeterEngine.java:507) ~[ApacheJMeter_core-5.5.jar:5.5]
	at us.abstracta.jmeter.javadsl.core.engines.EmbeddedJmeterEngine$2.runTest(EmbeddedJmeterEngine.java:162) ~[jmeter-java-dsl-1.9.jar:1.9]
	at us.abstracta.jmeter.javadsl.core.engines.EmbeddedJmeterEngine$TestRunner.run(EmbeddedJmeterEngine.java:179) ~[jmeter-java-dsl-1.9.jar:1.9]
	at us.abstracta.jmeter.javadsl.core.engines.EmbeddedJmeterEngine.runInEnv(EmbeddedJmeterEngine.java:129) ~[jmeter-java-dsl-1.9.jar:1.9]
	at us.abstracta.jmeter.javadsl.core.engines.EmbeddedJmeterEngine.run(EmbeddedJmeterEngine.java:93) ~[jmeter-java-dsl-1.9.jar:1.9]
	at us.abstracta.jmeter.javadsl.core.DslTestPlan.run(DslTestPlan.java:125) ~[jmeter-java-dsl-1.9.jar:1.9]
	at us.abstracta.jmeter.javadsl.sample.PerformanceTest.testPerformanceREQ10(PerformanceTest.java:31) ~[test-classes/:?]
	at jdk.internal.reflect.DirectMethodHandleAccessor.invoke(DirectMethodHandleAccessor.java:104) ~[?:?]
	at java.lang.reflect.Method.invoke(Method.java:578) ~[?:?]
	at org.junit.platform.commons.util.ReflectionUtils.invokeMethod(ReflectionUtils.java:727) ~[junit-platform-commons-1.9.0.jar:1.9.0]
	at org.junit.jupiter.engine.execution.MethodInvocation.proceed(MethodInvocation.java:60) ~[junit-jupiter-engine-5.9.0.jar:5.9.0]
	at org.junit.jupiter.engine.execution.InvocationInterceptorChain$ValidatingInvocation.proceed(InvocationInterceptorChain.java:131) ~[junit-jupiter-engine-5.9.0.jar:5.9.0]
	at org.junit.jupiter.engine.extension.TimeoutExtension.intercept(TimeoutExtension.java:156) ~[junit-jupiter-engine-5.9.0.jar:5.9.0]
	at org.junit.jupiter.engine.extension.TimeoutExtension.interceptTestableMethod(TimeoutExtension.java:147) ~[junit-jupiter-engine-5.9.0.jar:5.9.0]
	at org.junit.jupiter.engine.extension.TimeoutExtension.interceptTestMethod(TimeoutExtension.java:86) ~[junit-jupiter-engine-5.9.0.jar:5.9.0]
	at org.junit.jupiter.engine.execution.InterceptingExecutableInvoker$ReflectiveInterceptorCall.lambda$ofVoidMethod$0(InterceptingExecutableInvoker.java:103) ~[junit-jupiter-engine-5.9.0.jar:5.9.0]
	at org.junit.jupiter.engine.execution.InterceptingExecutableInvoker.lambda$invoke$0(InterceptingExecutableInvoker.java:93) ~[junit-jupiter-engine-5.9.0.jar:5.9.0]
	at org.junit.jupiter.engine.execution.InvocationInterceptorChain$InterceptedInvocation.proceed(InvocationInterceptorChain.java:106) ~[junit-jupiter-engine-5.9.0.jar:5.9.0]
	at org.junit.jupiter.engine.execution.InvocationInterceptorChain.proceed(InvocationInterceptorChain.java:64) ~[junit-jupiter-engine-5.9.0.jar:5.9.0]
	at org.junit.jupiter.engine.execution.InvocationInterceptorChain.chainAndInvoke(InvocationInterceptorChain.java:45) ~[junit-jupiter-engine-5.9.0.jar:5.9.0]
	at org.junit.jupiter.engine.execution.InvocationInterceptorChain.invoke(InvocationInterceptorChain.java:37) ~[junit-jupiter-engine-5.9.0.jar:5.9.0]
	at org.junit.jupiter.engine.execution.InterceptingExecutableInvoker.invoke(InterceptingExecutableInvoker.java:92) ~[junit-jupiter-engine-5.9.0.jar:5.9.0]
	at org.junit.jupiter.engine.execution.InterceptingExecutableInvoker.invoke(InterceptingExecutableInvoker.java:86) ~[junit-jupiter-engine-5.9.0.jar:5.9.0]
	at org.junit.jupiter.engine.descriptor.TestMethodTestDescriptor.lambda$invokeTestMethod$7(TestMethodTestDescriptor.java:217) ~[junit-jupiter-engine-5.9.0.jar:5.9.0]
	at org.junit.platform.engine.support.hierarchical.ThrowableCollector.execute(ThrowableCollector.java:73) ~[junit-platform-engine-1.9.0.jar:1.9.0]
	at org.junit.jupiter.engine.descriptor.TestMethodTestDescriptor.invokeTestMethod(TestMethodTestDescriptor.java:213) ~[junit-jupiter-engine-5.9.0.jar:5.9.0]
	at org.junit.jupiter.engine.descriptor.TestMethodTestDescriptor.execute(TestMethodTestDescriptor.java:138) ~[junit-jupiter-engine-5.9.0.jar:5.9.0]
	at org.junit.jupiter.engine.descriptor.TestMethodTestDescriptor.execute(TestMethodTestDescriptor.java:68) ~[junit-jupiter-engine-5.9.0.jar:5.9.0]
	at org.junit.platform.engine.support.hierarchical.NodeTestTask.lambda$executeRecursively$6(NodeTestTask.java:151) ~[junit-platform-engine-1.9.0.jar:1.9.0]
	at org.junit.platform.engine.support.hierarchical.ThrowableCollector.execute(ThrowableCollector.java:73) ~[junit-platform-engine-1.9.0.jar:1.9.0]
	at org.junit.platform.engine.support.hierarchical.NodeTestTask.lambda$executeRecursively$8(NodeTestTask.java:141) ~[junit-platform-engine-1.9.0.jar:1.9.0]
	at org.junit.platform.engine.support.hierarchical.Node.around(Node.java:137) ~[junit-platform-engine-1.9.0.jar:1.9.0]
	at org.junit.platform.engine.support.hierarchical.NodeTestTask.lambda$executeRecursively$9(NodeTestTask.java:139) ~[junit-platform-engine-1.9.0.jar:1.9.0]
	at org.junit.platform.engine.support.hierarchical.ThrowableCollector.execute(ThrowableCollector.java:73) ~[junit-platform-engine-1.9.0.jar:1.9.0]
	at org.junit.platform.engine.support.hierarchical.NodeTestTask.executeRecursively(NodeTestTask.java:138) ~[junit-platform-engine-1.9.0.jar:1.9.0]
	at org.junit.platform.engine.support.hierarchical.NodeTestTask.execute(NodeTestTask.java:95) ~[junit-platform-engine-1.9.0.jar:1.9.0]
	at java.util.ArrayList.forEach(ArrayList.java:1511) ~[?:?]
	at org.junit.platform.engine.support.hierarchical.SameThreadHierarchicalTestExecutorService.invokeAll(SameThreadHierarchicalTestExecutorService.java:41) ~[junit-platform-engine-1.9.0.jar:1.9.0]
	at org.junit.platform.engine.support.hierarchical.NodeTestTask.lambda$executeRecursively$6(NodeTestTask.java:155) ~[junit-platform-engine-1.9.0.jar:1.9.0]
	at org.junit.platform.engine.support.hierarchical.ThrowableCollector.execute(ThrowableCollector.java:73) ~[junit-platform-engine-1.9.0.jar:1.9.0]
	at org.junit.platform.engine.support.hierarchical.NodeTestTask.lambda$executeRecursively$8(NodeTestTask.java:141) ~[junit-platform-engine-1.9.0.jar:1.9.0]
	at org.junit.platform.engine.support.hierarchical.Node.around(Node.java:137) ~[junit-platform-engine-1.9.0.jar:1.9.0]
	at org.junit.platform.engine.support.hierarchical.NodeTestTask.lambda$executeRecursively$9(NodeTestTask.java:139) ~[junit-platform-engine-1.9.0.jar:1.9.0]
	at org.junit.platform.engine.support.hierarchical.ThrowableCollector.execute(ThrowableCollector.java:73) ~[junit-platform-engine-1.9.0.jar:1.9.0]
	at org.junit.platform.engine.support.hierarchical.NodeTestTask.executeRecursively(NodeTestTask.java:138) ~[junit-platform-engine-1.9.0.jar:1.9.0]
	at org.junit.platform.engine.support.hierarchical.NodeTestTask.execute(NodeTestTask.java:95) ~[junit-platform-engine-1.9.0.jar:1.9.0]
	at java.util.ArrayList.forEach(ArrayList.java:1511) ~[?:?]
	at org.junit.platform.engine.support.hierarchical.SameThreadHierarchicalTestExecutorService.invokeAll(SameThreadHierarchicalTestExecutorService.java:41) ~[junit-platform-engine-1.9.0.jar:1.9.0]
	at org.junit.platform.engine.support.hierarchical.NodeTestTask.lambda$executeRecursively$6(NodeTestTask.java:155) ~[junit-platform-engine-1.9.0.jar:1.9.0]
	at org.junit.platform.engine.support.hierarchical.ThrowableCollector.execute(ThrowableCollector.java:73) ~[junit-platform-engine-1.9.0.jar:1.9.0]
	at org.junit.platform.engine.support.hierarchical.NodeTestTask.lambda$executeRecursively$8(NodeTestTask.java:141) ~[junit-platform-engine-1.9.0.jar:1.9.0]
	at org.junit.platform.engine.support.hierarchical.Node.around(Node.java:137) ~[junit-platform-engine-1.9.0.jar:1.9.0]
	at org.junit.platform.engine.support.hierarchical.NodeTestTask.lambda$executeRecursively$9(NodeTestTask.java:139) ~[junit-platform-engine-1.9.0.jar:1.9.0]
	at org.junit.platform.engine.support.hierarchical.ThrowableCollector.execute(ThrowableCollector.java:73) ~[junit-platform-engine-1.9.0.jar:1.9.0]
	at org.junit.platform.engine.support.hierarchical.NodeTestTask.executeRecursively(NodeTestTask.java:138) ~[junit-platform-engine-1.9.0.jar:1.9.0]
	at org.junit.platform.engine.support.hierarchical.NodeTestTask.execute(NodeTestTask.java:95) ~[junit-platform-engine-1.9.0.jar:1.9.0]
	at org.junit.platform.engine.support.hierarchical.SameThreadHierarchicalTestExecutorService.submit(SameThreadHierarchicalTestExecutorService.java:35) ~[junit-platform-engine-1.9.0.jar:1.9.0]
	at org.junit.platform.engine.support.hierarchical.HierarchicalTestExecutor.execute(HierarchicalTestExecutor.java:57) ~[junit-platform-engine-1.9.0.jar:1.9.0]
	at org.junit.platform.engine.support.hierarchical.HierarchicalTestEngine.execute(HierarchicalTestEngine.java:54) ~[junit-platform-engine-1.9.0.jar:1.9.0]
	at org.junit.platform.launcher.core.EngineExecutionOrchestrator.execute(EngineExecutionOrchestrator.java:147) ~[junit-platform-launcher-1.9.0.jar:1.9.0]
	at org.junit.platform.launcher.core.EngineExecutionOrchestrator.execute(EngineExecutionOrchestrator.java:127) ~[junit-platform-launcher-1.9.0.jar:1.9.0]
	at org.junit.platform.launcher.core.EngineExecutionOrchestrator.execute(EngineExecutionOrchestrator.java:90) ~[junit-platform-launcher-1.9.0.jar:1.9.0]
	at org.junit.platform.launcher.core.EngineExecutionOrchestrator.lambda$execute$0(EngineExecutionOrchestrator.java:55) ~[junit-platform-launcher-1.9.0.jar:1.9.0]
	at org.junit.platform.launcher.core.EngineExecutionOrchestrator.withInterceptedStreams(EngineExecutionOrchestrator.java:102) ~[junit-platform-launcher-1.9.0.jar:1.9.0]
	at org.junit.platform.launcher.core.EngineExecutionOrchestrator.execute(EngineExecutionOrchestrator.java:54) ~[junit-platform-launcher-1.9.0.jar:1.9.0]
	at org.junit.platform.launcher.core.DefaultLauncher.execute(DefaultLauncher.java:114) ~[junit-platform-launcher-1.9.0.jar:1.9.0]
	at org.junit.platform.launcher.core.DefaultLauncher.execute(DefaultLauncher.java:86) ~[junit-platform-launcher-1.9.0.jar:1.9.0]
	at org.junit.platform.launcher.core.DefaultLauncherSession$DelegatingLauncher.execute(DefaultLauncherSession.java:86) ~[junit-platform-launcher-1.9.0.jar:1.9.0]
	at org.apache.maven.surefire.junitplatform.LazyLauncher.execute(LazyLauncher.java:55) ~[surefire-junit-platform-3.0.0-M7.jar:3.0.0-M7]
	at org.apache.maven.surefire.junitplatform.JUnitPlatformProvider.execute(JUnitPlatformProvider.java:223) ~[surefire-junit-platform-3.0.0-M7.jar:3.0.0-M7]
	at org.apache.maven.surefire.junitplatform.JUnitPlatformProvider.invokeAllTests(JUnitPlatformProvider.java:175) ~[surefire-junit-platform-3.0.0-M7.jar:3.0.0-M7]
	at org.apache.maven.surefire.junitplatform.JUnitPlatformProvider.invoke(JUnitPlatformProvider.java:139) ~[surefire-junit-platform-3.0.0-M7.jar:3.0.0-M7]
	at org.apache.maven.surefire.booter.ForkedBooter.runSuitesInProcess(ForkedBooter.java:456) ~[surefire-booter-3.0.0-M7.jar:3.0.0-M7]
	at org.apache.maven.surefire.booter.ForkedBooter.execute(ForkedBooter.java:169) ~[surefire-booter-3.0.0-M7.jar:3.0.0-M7]
	at org.apache.maven.surefire.booter.ForkedBooter.run(ForkedBooter.java:595) ~[surefire-booter-3.0.0-M7.jar:3.0.0-M7]
	at org.apache.maven.surefire.booter.ForkedBooter.main(ForkedBooter.java:581) ~[surefire-booter-3.0.0-M7.jar:3.0.0-M7]
]]></system-out>
  </testcase>
  <testcase name="testPerformanceREQ11" classname="us.abstracta.jmeter.javadsl.sample.PerformanceTest" time="60.971">
    <system-out><![CDATA[23:56:31.152 [RPS Thread Group-ThreadStarter] INFO  com.blazemeter.jmeter.threads.concurrency.ConcurrencyThreadStarter - Start supplying threads
23:56:31.153 [RPS Thread Group-ThreadStarter 1-1] WARN  kg.apc.jmeter.timers.VariableThroughputTimer - No free threads available in current Thread Group RPS Thread Group, made 0 samples/s for expected rps 1.0 samples/s, increase your number of threads
 +      1 in 00:00:00 =   47.6/s Avg:     0 Min:     0 Max:     0 Err:     1 (100.00%) Active: 1 Started: 1 Finished: 0
23:56:44.000 [RPS Thread Group-ThreadStarter 1-2] WARN  kg.apc.jmeter.timers.VariableThroughputTimer - No free threads available in current Thread Group RPS Thread Group, made 241 samples/s for expected rps 260.78333333333336 samples/s, increase your number of threads
23:56:45.004 [RPS Thread Group-ThreadStarter 1-2] INFO  com.blazemeter.jmeter.control.VirtualUserController - Need to decrease concurrency, thread is done: RPS Thread Group-ThreadStarter 1-2
23:56:45.004 [RPS Thread Group-ThreadStarter 1-3] INFO  com.blazemeter.jmeter.control.VirtualUserController - Need to decrease concurrency, thread is done: RPS Thread Group-ThreadStarter 1-3
23:56:55.000 [RPS Thread Group-ThreadStarter 1-4] WARN  kg.apc.jmeter.timers.VariableThroughputTimer - No free threads available in current Thread Group RPS Thread Group, made 461 samples/s for expected rps 480.6 samples/s, increase your number of threads
23:56:56.003 [RPS Thread Group-ThreadStarter 1-1] INFO  com.blazemeter.jmeter.control.VirtualUserController - Need to decrease concurrency, thread is done: RPS Thread Group-ThreadStarter 1-1
23:56:56.003 [RPS Thread Group-ThreadStarter 1-5] INFO  com.blazemeter.jmeter.control.VirtualUserController - Need to decrease concurrency, thread is done: RPS Thread Group-ThreadStarter 1-5
 +   8134 in 00:00:29 =  282.0/s Avg:     0 Min:     0 Max:    59 Err:  8134 (100.00%) Active: 2 Started: 6 Finished: 4
 =   8135 in 00:00:29 =  281.8/s Avg:     0 Min:     0 Max:    59 Err:  8135 (100.00%)
23:57:01.002 [RPS Thread Group-ThreadStarter 1-4] WARN  kg.apc.jmeter.timers.VariableThroughputTimer - No free threads available in current Thread Group RPS Thread Group, made 578 samples/s for expected rps 600.5 samples/s, increase your number of threads
23:57:02.001 [RPS Thread Group-ThreadStarter 1-4] INFO  com.blazemeter.jmeter.control.VirtualUserController - Need to decrease concurrency, thread is done: RPS Thread Group-ThreadStarter 1-4
23:57:13.001 [RPS Thread Group-ThreadStarter 1-7] WARN  kg.apc.jmeter.timers.VariableThroughputTimer - No free threads available in current Thread Group RPS Thread Group, made 820 samples/s for expected rps 840.3 samples/s, increase your number of threads
23:57:14.002 [RPS Thread Group-ThreadStarter 1-8] INFO  com.blazemeter.jmeter.control.VirtualUserController - Need to decrease concurrency, thread is done: RPS Thread Group-ThreadStarter 1-8
23:57:14.002 [RPS Thread Group-ThreadStarter 1-6] INFO  com.blazemeter.jmeter.control.VirtualUserController - Need to decrease concurrency, thread is done: RPS Thread Group-ThreadStarter 1-6
23:57:15.000 [RPS Thread Group-ThreadStarter 1-7] WARN  kg.apc.jmeter.timers.VariableThroughputTimer - No free threads available in current Thread Group RPS Thread Group, made 860 samples/s for expected rps 880.2666666666667 samples/s, increase your number of threads
23:57:17.002 [RPS Thread Group-ThreadStarter 1-7] INFO  com.blazemeter.jmeter.control.VirtualUserController - Need to decrease concurrency, thread is done: RPS Thread Group-ThreadStarter 1-7
23:57:17.002 [RPS Thread Group-ThreadStarter 1-9] INFO  com.blazemeter.jmeter.control.VirtualUserController - Need to decrease concurrency, thread is done: RPS Thread Group-ThreadStarter 1-9
23:57:18.002 [RPS Thread Group-ThreadStarter 1-10] WARN  kg.apc.jmeter.timers.VariableThroughputTimer - No free threads available in current Thread Group RPS Thread Group, made 915 samples/s for expected rps 940.2166666666667 samples/s, increase your number of threads
23:57:19.003 [RPS Thread Group-ThreadStarter 1-10] INFO  com.blazemeter.jmeter.control.VirtualUserController - Need to decrease concurrency, thread is done: RPS Thread Group-ThreadStarter 1-10
23:57:19.003 [RPS Thread Group-ThreadStarter 1-12] INFO  com.blazemeter.jmeter.control.VirtualUserController - Need to decrease concurrency, thread is done: RPS Thread Group-ThreadStarter 1-12
23:57:26.000 [RPS Thread Group-ThreadStarter 1-11] WARN  kg.apc.jmeter.timers.VariableThroughputTimer - No free threads available in current Thread Group RPS Thread Group, made 1080 samples/s for expected rps 1100.0833333333333 samples/s, increase your number of threads
23:57:27.000 [RPS Thread Group-ThreadStarter 1-14] INFO  com.blazemeter.jmeter.control.VirtualUserController - Need to decrease concurrency, thread is done: RPS Thread Group-ThreadStarter 1-14
 +  26083 in 00:00:30 =  869.5/s Avg:     0 Min:     0 Max:    39 Err: 26083 (100.00%) Active: 2 Started: 14 Finished: 12
 =  34218 in 00:00:59 =  581.3/s Avg:     0 Min:     0 Max:    59 Err: 34218 (100.00%)
23:57:32.000 [RPS Thread Group-ThreadStarter 1-11] INFO  kg.apc.jmeter.timers.VariableThroughputTimer - No further RPS schedule, asking threads to stop...
23:57:32.001 [RPS Thread Group-ThreadStarter 1-11] INFO  kg.apc.jmeter.timers.VariableThroughputTimer - Stopping gracefuly threads of Thread Group : RPS Thread Group
23:57:32.001 [RPS Thread Group-ThreadStarter] INFO  com.blazemeter.jmeter.threads.concurrency.ConcurrencyThreadStarter - Done supplying threads
23:57:32.002 [main] WARN  org.apache.jmeter.engine.StandardJMeterEngine - Error encountered during shutdown of us.abstracta.jmeter.javadsl.core.listeners.HtmlReporter$AutoFlushingResultCollector@299270eb
java.lang.IllegalArgumentException: Cannot read test results file : ./reports/PerformanceREQ11/2023-06-19 11-56-31 ba76884a-6b11-4ab8-b577-a2227e1249dd/report.jtl
	at org.apache.jmeter.report.dashboard.ReportGenerator.<init>(ReportGenerator.java:133) ~[ApacheJMeter_core-5.5.jar:5.5]
	at us.abstracta.jmeter.javadsl.core.listeners.HtmlReporter$HtmlReportSummariser.testEnded(HtmlReporter.java:167) ~[jmeter-java-dsl-1.9.jar:1.9]
	at org.apache.jmeter.reporters.ResultCollector.testEnded(ResultCollector.java:308) ~[ApacheJMeter_core-5.5.jar:5.5]
	at us.abstracta.jmeter.javadsl.core.listeners.HtmlReporter$AutoFlushingResultCollector.testEnded(HtmlReporter.java:218) ~[jmeter-java-dsl-1.9.jar:1.9]
	at org.apache.jmeter.reporters.ResultCollector.testEnded(ResultCollector.java:345) ~[ApacheJMeter_core-5.5.jar:5.5]
	at org.apache.jmeter.engine.StandardJMeterEngine.notifyTestListenersOfEnd(StandardJMeterEngine.java:230) ~[ApacheJMeter_core-5.5.jar:5.5]
	at org.apache.jmeter.engine.StandardJMeterEngine.run(StandardJMeterEngine.java:507) ~[ApacheJMeter_core-5.5.jar:5.5]
	at us.abstracta.jmeter.javadsl.core.engines.EmbeddedJmeterEngine$2.runTest(EmbeddedJmeterEngine.java:162) ~[jmeter-java-dsl-1.9.jar:1.9]
	at us.abstracta.jmeter.javadsl.core.engines.EmbeddedJmeterEngine$TestRunner.run(EmbeddedJmeterEngine.java:179) ~[jmeter-java-dsl-1.9.jar:1.9]
	at us.abstracta.jmeter.javadsl.core.engines.EmbeddedJmeterEngine.runInEnv(EmbeddedJmeterEngine.java:129) ~[jmeter-java-dsl-1.9.jar:1.9]
	at us.abstracta.jmeter.javadsl.core.engines.EmbeddedJmeterEngine.run(EmbeddedJmeterEngine.java:93) ~[jmeter-java-dsl-1.9.jar:1.9]
	at us.abstracta.jmeter.javadsl.core.DslTestPlan.run(DslTestPlan.java:125) ~[jmeter-java-dsl-1.9.jar:1.9]
	at us.abstracta.jmeter.javadsl.sample.PerformanceTest.testPerformanceREQ11(PerformanceTest.java:48) ~[test-classes/:?]
	at jdk.internal.reflect.DirectMethodHandleAccessor.invoke(DirectMethodHandleAccessor.java:104) ~[?:?]
	at java.lang.reflect.Method.invoke(Method.java:578) ~[?:?]
	at org.junit.platform.commons.util.ReflectionUtils.invokeMethod(ReflectionUtils.java:727) ~[junit-platform-commons-1.9.0.jar:1.9.0]
	at org.junit.jupiter.engine.execution.MethodInvocation.proceed(MethodInvocation.java:60) ~[junit-jupiter-engine-5.9.0.jar:5.9.0]
	at org.junit.jupiter.engine.execution.InvocationInterceptorChain$ValidatingInvocation.proceed(InvocationInterceptorChain.java:131) ~[junit-jupiter-engine-5.9.0.jar:5.9.0]
	at org.junit.jupiter.engine.extension.TimeoutExtension.intercept(TimeoutExtension.java:156) ~[junit-jupiter-engine-5.9.0.jar:5.9.0]
	at org.junit.jupiter.engine.extension.TimeoutExtension.interceptTestableMethod(TimeoutExtension.java:147) ~[junit-jupiter-engine-5.9.0.jar:5.9.0]
	at org.junit.jupiter.engine.extension.TimeoutExtension.interceptTestMethod(TimeoutExtension.java:86) ~[junit-jupiter-engine-5.9.0.jar:5.9.0]
	at org.junit.jupiter.engine.execution.InterceptingExecutableInvoker$ReflectiveInterceptorCall.lambda$ofVoidMethod$0(InterceptingExecutableInvoker.java:103) ~[junit-jupiter-engine-5.9.0.jar:5.9.0]
	at org.junit.jupiter.engine.execution.InterceptingExecutableInvoker.lambda$invoke$0(InterceptingExecutableInvoker.java:93) ~[junit-jupiter-engine-5.9.0.jar:5.9.0]
	at org.junit.jupiter.engine.execution.InvocationInterceptorChain$InterceptedInvocation.proceed(InvocationInterceptorChain.java:106) ~[junit-jupiter-engine-5.9.0.jar:5.9.0]
	at org.junit.jupiter.engine.execution.InvocationInterceptorChain.proceed(InvocationInterceptorChain.java:64) ~[junit-jupiter-engine-5.9.0.jar:5.9.0]
	at org.junit.jupiter.engine.execution.InvocationInterceptorChain.chainAndInvoke(InvocationInterceptorChain.java:45) ~[junit-jupiter-engine-5.9.0.jar:5.9.0]
	at org.junit.jupiter.engine.execution.InvocationInterceptorChain.invoke(InvocationInterceptorChain.java:37) ~[junit-jupiter-engine-5.9.0.jar:5.9.0]
	at org.junit.jupiter.engine.execution.InterceptingExecutableInvoker.invoke(InterceptingExecutableInvoker.java:92) ~[junit-jupiter-engine-5.9.0.jar:5.9.0]
	at org.junit.jupiter.engine.execution.InterceptingExecutableInvoker.invoke(InterceptingExecutableInvoker.java:86) ~[junit-jupiter-engine-5.9.0.jar:5.9.0]
	at org.junit.jupiter.engine.descriptor.TestMethodTestDescriptor.lambda$invokeTestMethod$7(TestMethodTestDescriptor.java:217) ~[junit-jupiter-engine-5.9.0.jar:5.9.0]
	at org.junit.platform.engine.support.hierarchical.ThrowableCollector.execute(ThrowableCollector.java:73) ~[junit-platform-engine-1.9.0.jar:1.9.0]
	at org.junit.jupiter.engine.descriptor.TestMethodTestDescriptor.invokeTestMethod(TestMethodTestDescriptor.java:213) ~[junit-jupiter-engine-5.9.0.jar:5.9.0]
	at org.junit.jupiter.engine.descriptor.TestMethodTestDescriptor.execute(TestMethodTestDescriptor.java:138) ~[junit-jupiter-engine-5.9.0.jar:5.9.0]
	at org.junit.jupiter.engine.descriptor.TestMethodTestDescriptor.execute(TestMethodTestDescriptor.java:68) ~[junit-jupiter-engine-5.9.0.jar:5.9.0]
	at org.junit.platform.engine.support.hierarchical.NodeTestTask.lambda$executeRecursively$6(NodeTestTask.java:151) ~[junit-platform-engine-1.9.0.jar:1.9.0]
	at org.junit.platform.engine.support.hierarchical.ThrowableCollector.execute(ThrowableCollector.java:73) ~[junit-platform-engine-1.9.0.jar:1.9.0]
	at org.junit.platform.engine.support.hierarchical.NodeTestTask.lambda$executeRecursively$8(NodeTestTask.java:141) ~[junit-platform-engine-1.9.0.jar:1.9.0]
	at org.junit.platform.engine.support.hierarchical.Node.around(Node.java:137) ~[junit-platform-engine-1.9.0.jar:1.9.0]
	at org.junit.platform.engine.support.hierarchical.NodeTestTask.lambda$executeRecursively$9(NodeTestTask.java:139) ~[junit-platform-engine-1.9.0.jar:1.9.0]
	at org.junit.platform.engine.support.hierarchical.ThrowableCollector.execute(ThrowableCollector.java:73) ~[junit-platform-engine-1.9.0.jar:1.9.0]
	at org.junit.platform.engine.support.hierarchical.NodeTestTask.executeRecursively(NodeTestTask.java:138) ~[junit-platform-engine-1.9.0.jar:1.9.0]
	at org.junit.platform.engine.support.hierarchical.NodeTestTask.execute(NodeTestTask.java:95) ~[junit-platform-engine-1.9.0.jar:1.9.0]
	at java.util.ArrayList.forEach(ArrayList.java:1511) ~[?:?]
	at org.junit.platform.engine.support.hierarchical.SameThreadHierarchicalTestExecutorService.invokeAll(SameThreadHierarchicalTestExecutorService.java:41) ~[junit-platform-engine-1.9.0.jar:1.9.0]
	at org.junit.platform.engine.support.hierarchical.NodeTestTask.lambda$executeRecursively$6(NodeTestTask.java:155) ~[junit-platform-engine-1.9.0.jar:1.9.0]
	at org.junit.platform.engine.support.hierarchical.ThrowableCollector.execute(ThrowableCollector.java:73) ~[junit-platform-engine-1.9.0.jar:1.9.0]
	at org.junit.platform.engine.support.hierarchical.NodeTestTask.lambda$executeRecursively$8(NodeTestTask.java:141) ~[junit-platform-engine-1.9.0.jar:1.9.0]
	at org.junit.platform.engine.support.hierarchical.Node.around(Node.java:137) ~[junit-platform-engine-1.9.0.jar:1.9.0]
	at org.junit.platform.engine.support.hierarchical.NodeTestTask.lambda$executeRecursively$9(NodeTestTask.java:139) ~[junit-platform-engine-1.9.0.jar:1.9.0]
	at org.junit.platform.engine.support.hierarchical.ThrowableCollector.execute(ThrowableCollector.java:73) ~[junit-platform-engine-1.9.0.jar:1.9.0]
	at org.junit.platform.engine.support.hierarchical.NodeTestTask.executeRecursively(NodeTestTask.java:138) ~[junit-platform-engine-1.9.0.jar:1.9.0]
	at org.junit.platform.engine.support.hierarchical.NodeTestTask.execute(NodeTestTask.java:95) ~[junit-platform-engine-1.9.0.jar:1.9.0]
	at java.util.ArrayList.forEach(ArrayList.java:1511) ~[?:?]
	at org.junit.platform.engine.support.hierarchical.SameThreadHierarchicalTestExecutorService.invokeAll(SameThreadHierarchicalTestExecutorService.java:41) ~[junit-platform-engine-1.9.0.jar:1.9.0]
	at org.junit.platform.engine.support.hierarchical.NodeTestTask.lambda$executeRecursively$6(NodeTestTask.java:155) ~[junit-platform-engine-1.9.0.jar:1.9.0]
	at org.junit.platform.engine.support.hierarchical.ThrowableCollector.execute(ThrowableCollector.java:73) ~[junit-platform-engine-1.9.0.jar:1.9.0]
	at org.junit.platform.engine.support.hierarchical.NodeTestTask.lambda$executeRecursively$8(NodeTestTask.java:141) ~[junit-platform-engine-1.9.0.jar:1.9.0]
	at org.junit.platform.engine.support.hierarchical.Node.around(Node.java:137) ~[junit-platform-engine-1.9.0.jar:1.9.0]
	at org.junit.platform.engine.support.hierarchical.NodeTestTask.lambda$executeRecursively$9(NodeTestTask.java:139) ~[junit-platform-engine-1.9.0.jar:1.9.0]
	at org.junit.platform.engine.support.hierarchical.ThrowableCollector.execute(ThrowableCollector.java:73) ~[junit-platform-engine-1.9.0.jar:1.9.0]
	at org.junit.platform.engine.support.hierarchical.NodeTestTask.executeRecursively(NodeTestTask.java:138) ~[junit-platform-engine-1.9.0.jar:1.9.0]
	at org.junit.platform.engine.support.hierarchical.NodeTestTask.execute(NodeTestTask.java:95) ~[junit-platform-engine-1.9.0.jar:1.9.0]
	at org.junit.platform.engine.support.hierarchical.SameThreadHierarchicalTestExecutorService.submit(SameThreadHierarchicalTestExecutorService.java:35) ~[junit-platform-engine-1.9.0.jar:1.9.0]
	at org.junit.platform.engine.support.hierarchical.HierarchicalTestExecutor.execute(HierarchicalTestExecutor.java:57) ~[junit-platform-engine-1.9.0.jar:1.9.0]
	at org.junit.platform.engine.support.hierarchical.HierarchicalTestEngine.execute(HierarchicalTestEngine.java:54) ~[junit-platform-engine-1.9.0.jar:1.9.0]
	at org.junit.platform.launcher.core.EngineExecutionOrchestrator.execute(EngineExecutionOrchestrator.java:147) ~[junit-platform-launcher-1.9.0.jar:1.9.0]
	at org.junit.platform.launcher.core.EngineExecutionOrchestrator.execute(EngineExecutionOrchestrator.java:127) ~[junit-platform-launcher-1.9.0.jar:1.9.0]
	at org.junit.platform.launcher.core.EngineExecutionOrchestrator.execute(EngineExecutionOrchestrator.java:90) ~[junit-platform-launcher-1.9.0.jar:1.9.0]
	at org.junit.platform.launcher.core.EngineExecutionOrchestrator.lambda$execute$0(EngineExecutionOrchestrator.java:55) ~[junit-platform-launcher-1.9.0.jar:1.9.0]
	at org.junit.platform.launcher.core.EngineExecutionOrchestrator.withInterceptedStreams(EngineExecutionOrchestrator.java:102) ~[junit-platform-launcher-1.9.0.jar:1.9.0]
	at org.junit.platform.launcher.core.EngineExecutionOrchestrator.execute(EngineExecutionOrchestrator.java:54) ~[junit-platform-launcher-1.9.0.jar:1.9.0]
	at org.junit.platform.launcher.core.DefaultLauncher.execute(DefaultLauncher.java:114) ~[junit-platform-launcher-1.9.0.jar:1.9.0]
	at org.junit.platform.launcher.core.DefaultLauncher.execute(DefaultLauncher.java:86) ~[junit-platform-launcher-1.9.0.jar:1.9.0]
	at org.junit.platform.launcher.core.DefaultLauncherSession$DelegatingLauncher.execute(DefaultLauncherSession.java:86) ~[junit-platform-launcher-1.9.0.jar:1.9.0]
	at org.apache.maven.surefire.junitplatform.LazyLauncher.execute(LazyLauncher.java:55) ~[surefire-junit-platform-3.0.0-M7.jar:3.0.0-M7]
	at org.apache.maven.surefire.junitplatform.JUnitPlatformProvider.execute(JUnitPlatformProvider.java:223) ~[surefire-junit-platform-3.0.0-M7.jar:3.0.0-M7]
	at org.apache.maven.surefire.junitplatform.JUnitPlatformProvider.invokeAllTests(JUnitPlatformProvider.java:175) ~[surefire-junit-platform-3.0.0-M7.jar:3.0.0-M7]
	at org.apache.maven.surefire.junitplatform.JUnitPlatformProvider.invoke(JUnitPlatformProvider.java:139) ~[surefire-junit-platform-3.0.0-M7.jar:3.0.0-M7]
	at org.apache.maven.surefire.booter.ForkedBooter.runSuitesInProcess(ForkedBooter.java:456) ~[surefire-booter-3.0.0-M7.jar:3.0.0-M7]
	at org.apache.maven.surefire.booter.ForkedBooter.execute(ForkedBooter.java:169) ~[surefire-booter-3.0.0-M7.jar:3.0.0-M7]
	at org.apache.maven.surefire.booter.ForkedBooter.run(ForkedBooter.java:595) ~[surefire-booter-3.0.0-M7.jar:3.0.0-M7]
	at org.apache.maven.surefire.booter.ForkedBooter.main(ForkedBooter.java:581) ~[surefire-booter-3.0.0-M7.jar:3.0.0-M7]
]]></system-out>
  </testcase>
</testsuite>